# JRE version: OpenJDK Runtime Environment (11.0.13) (build 11.0.13+0-b1751.21-8125866)
# Java VM: OpenJDK 64-Bit Server VM (11.0.13+0-b1751.21-8125866, mixed mode, tiered, compressed oops, g1 gc, windows-amd64)
Heap:
 garbage-first heap   total 131072K, used 85976K [0x00000000a0000000, 0x0000000100000000)
  region size 1024K, 15 young (15360K), 4 survivors (4096K)
 Metaspace       used 69249K, capacity 71502K, committed 71632K, reserved 1112064K
  class space    used 8739K, capacity 9502K, committed 9504K, reserved 1048576K
GC Heap History (20 events):
Event: 30.461 GC heap before
{Heap before GC invocations=17 (full 0):
 garbage-first heap   total 131072K, used 89472K [0x00000000a0000000, 0x0000000100000000)
  region size 1024K, 37 young (37888K), 5 survivors (5120K)
 Metaspace       used 63926K, capacity 65783K, committed 66000K, reserved 1105920K
  class space    used 8058K, capacity 8701K, committed 8736K, reserved 1048576K
}
Event: 30.470 GC heap after
{Heap after GC invocations=18 (full 0):
 garbage-first heap   total 131072K, used 57482K [0x00000000a0000000, 0x0000000100000000)
  region size 1024K, 2 young (2048K), 2 survivors (2048K)
 Metaspace       used 63926K, capacity 65783K, committed 66000K, reserved 1105920K
  class space    used 8058K, capacity 8701K, committed 8736K, reserved 1048576K
}
Event: 31.606 GC heap before
{Heap before GC invocations=18 (full 0):
 garbage-first heap   total 131072K, used 91274K [0x00000000a0000000, 0x0000000100000000)
  region size 1024K, 35 young (35840K), 2 survivors (2048K)
 Metaspace       used 66123K, capacity 67969K, committed 68048K, reserved 1107968K
  class space    used 8332K, capacity 8958K, committed 8992K, reserved 1048576K
}
Event: 31.612 GC heap after
{Heap after GC invocations=19 (full 0):
 garbage-first heap   total 131072K, used 59172K [0x00000000a0000000, 0x0000000100000000)
  region size 1024K, 4 young (4096K), 4 survivors (4096K)
 Metaspace       used 66123K, capacity 67969K, committed 68048K, reserved 1107968K
  class space    used 8332K, capacity 8958K, committed 8992K, reserved 1048576K
}
Event: 33.221 GC heap before
{Heap before GC invocations=19 (full 0):
 garbage-first heap   total 131072K, used 95012K [0x00000000a0000000, 0x0000000100000000)
  region size 1024K, 38 young (38912K), 4 survivors (4096K)
 Metaspace       used 66937K, capacity 68839K, committed 68944K, reserved 1110016K
  class space    used 8400K, capacity 9041K, committed 9120K, reserved 1048576K
}
Event: 33.234 GC heap after
{Heap after GC invocations=20 (full 0):
 garbage-first heap   total 131072K, used 67628K [0x00000000a0000000, 0x0000000100000000)
  region size 1024K, 5 young (5120K), 5 survivors (5120K)
 Metaspace       used 66937K, capacity 68839K, committed 68944K, reserved 1110016K
  class space    used 8400K, capacity 9041K, committed 9120K, reserved 1048576K
}
Event: 33.294 GC heap before
{Heap before GC invocations=20 (full 0):
 garbage-first heap   total 131072K, used 69676K [0x00000000a0000000, 0x0000000100000000)
  region size 1024K, 8 young (8192K), 5 survivors (5120K)
 Metaspace       used 66941K, capacity 68843K, committed 68944K, reserved 1110016K
  class space    used 8400K, capacity 9041K, committed 9120K, reserved 1048576K
}
Event: 33.305 GC heap after
{Heap after GC invocations=21 (full 0):
 garbage-first heap   total 131072K, used 70589K [0x00000000a0000000, 0x0000000100000000)
  region size 1024K, 3 young (3072K), 3 survivors (3072K)
 Metaspace       used 66941K, capacity 68843K, committed 68944K, reserved 1110016K
  class space    used 8400K, capacity 9041K, committed 9120K, reserved 1048576K
}
Event: 33.661 GC heap before
{Heap before GC invocations=22 (full 0):
 garbage-first heap   total 131072K, used 87997K [0x00000000a0000000, 0x0000000100000000)
  region size 1024K, 22 young (22528K), 3 survivors (3072K)
 Metaspace       used 67250K, capacity 69293K, committed 69584K, reserved 1110016K
  class space    used 8451K, capacity 9151K, committed 9248K, reserved 1048576K
}
Event: 33.668 GC heap after
{Heap after GC invocations=23 (full 0):
 garbage-first heap   total 131072K, used 70470K [0x00000000a0000000, 0x0000000100000000)
  region size 1024K, 3 young (3072K), 3 survivors (3072K)
 Metaspace       used 67250K, capacity 69293K, committed 69584K, reserved 1110016K
  class space    used 8451K, capacity 9151K, committed 9248K, reserved 1048576K
}
Event: 34.645 GC heap before
{Heap before GC invocations=23 (full 0):
 garbage-first heap   total 131072K, used 92998K [0x00000000a0000000, 0x0000000100000000)
  region size 1024K, 25 young (25600K), 3 survivors (3072K)
 Metaspace       used 67804K, capacity 69956K, committed 70096K, reserved 1110016K
  class space    used 8537K, capacity 9244K, committed 9248K, reserved 1048576K
}
Event: 34.653 GC heap after
{Heap after GC invocations=24 (full 0):
 garbage-first heap   total 131072K, used 71695K [0x00000000a0000000, 0x0000000100000000)
  region size 1024K, 2 young (2048K), 2 survivors (2048K)
 Metaspace       used 67804K, capacity 69956K, committed 70096K, reserved 1110016K
  class space    used 8537K, capacity 9244K, committed 9248K, reserved 1048576K
}
Event: 35.760 GC heap before
{Heap before GC invocations=25 (full 0):
 garbage-first heap   total 131072K, used 96271K [0x00000000a0000000, 0x0000000100000000)
  region size 1024K, 26 young (26624K), 2 survivors (2048K)
 Metaspace       used 68714K, capacity 70809K, committed 71120K, reserved 1112064K
  class space    used 8676K, capacity 9397K, committed 9504K, reserved 1048576K
}
Event: 35.767 GC heap after
{Heap after GC invocations=26 (full 0):
 garbage-first heap   total 131072K, used 72755K [0x00000000a0000000, 0x0000000100000000)
  region size 1024K, 3 young (3072K), 3 survivors (3072K)
 Metaspace       used 68714K, capacity 70809K, committed 71120K, reserved 1112064K
  class space    used 8676K, capacity 9397K, committed 9504K, reserved 1048576K
}
Event: 35.784 GC heap before
{Heap before GC invocations=26 (full 0):
 garbage-first heap   total 131072K, used 74803K [0x00000000a0000000, 0x0000000100000000)
  region size 1024K, 6 young (6144K), 3 survivors (3072K)
 Metaspace       used 68739K, capacity 70811K, committed 71120K, reserved 1112064K
  class space    used 8676K, capacity 9397K, committed 9504K, reserved 1048576K
}
Event: 35.789 GC heap after
{Heap after GC invocations=27 (full 0):
 garbage-first heap   total 131072K, used 72512K [0x00000000a0000000, 0x0000000100000000)
  region size 1024K, 1 young (1024K), 1 survivors (1024K)
 Metaspace       used 68739K, capacity 70811K, committed 71120K, reserved 1112064K
  class space    used 8676K, capacity 9397K, committed 9504K, reserved 1048576K
}
Event: 35.925 GC heap before
{Heap before GC invocations=27 (full 0):
 garbage-first heap   total 131072K, used 80704K [0x00000000a0000000, 0x0000000100000000)
  region size 1024K, 10 young (10240K), 1 survivors (1024K)
 Metaspace       used 68793K, capacity 70877K, committed 71120K, reserved 1112064K
  class space    used 8681K, capacity 9397K, committed 9504K, reserved 1048576K
}
Event: 35.929 GC heap after
{Heap after GC invocations=28 (full 0):
 garbage-first heap   total 131072K, used 74210K [0x00000000a0000000, 0x0000000100000000)
  region size 1024K, 3 young (3072K), 3 survivors (3072K)
 Metaspace       used 68793K, capacity 70877K, committed 71120K, reserved 1112064K
  class space    used 8681K, capacity 9397K, committed 9504K, reserved 1048576K
}
Event: 36.323 GC heap before
{Heap before GC invocations=29 (full 0):
 garbage-first heap   total 131072K, used 96738K [0x00000000a0000000, 0x0000000100000000)
  region size 1024K, 25 young (25600K), 3 survivors (3072K)
 Metaspace       used 69134K, capacity 71284K, committed 71376K, reserved 1112064K
  class space    used 8726K, capacity 9428K, committed 9504K, reserved 1048576K
}
Event: 36.331 GC heap after
{Heap after GC invocations=30 (full 0):
 garbage-first heap   total 131072K, used 75736K [0x00000000a0000000, 0x0000000100000000)
  region size 1024K, 4 young (4096K), 4 survivors (4096K)
 Metaspace       used 69134K, capacity 71284K, committed 71376K, reserved 1112064K
  class space    used 8726K, capacity 9428K, committed 9504K, reserved 1048576K
}

